----------------------------------------
服务器通知:欢迎付玉夏进入聊天室！
时间:2024-07-29 19:44:31
----------------------------------------
服务器通知:欢迎孙志宇进入聊天室！
时间:2024-07-29 19:44:32
----------------------------------------
孙志宇:付玉夏，你好
时间:2024-07-29 19:44:45
----------------------------------------
付玉夏:孙志宇，你好
时间:2024-07-29 19:44:55
----------------------------------------
服务器通知:付玉夏离开聊天室
时间:2024-07-29 19:45:05
----------------------------------------
服务器通知:孙志宇离开聊天室
时间:2024-07-29 19:45:08
----------------------------------------
服务器通知:欢迎孙志宇进入聊天室！
时间:2024-07-29 19:45:10
----------------------------------------
服务器通知:欢迎付玉夏进入聊天室！
时间:2024-07-29 19:45:11
